<?xml version="1.0" encoding="UTF-8"?>
<!-- Generated by org.testng.reporters.JUnitReportReporter -->
<testsuite hostname="Smoke" failures="0" tests="1" name="com.example.BookTest" time="0.022" errors="0" timestamp="2024-08-01T15:52:43 CEST" skipped="0">
  <testcase classname="com.example.BookTest" name="testGetAge" time="0.022"/>
  <system-out/>
</testsuite> <!-- com.example.BookTest -->
