<?xml version="1.0" encoding="UTF-8"?>
<!-- Generated by org.testng.reporters.JUnitReportReporter -->
<testsuite hostname="Smoke" failures="0" tests="1" name="com.example.AppTest" time="0.016" errors="0" timestamp="2024-08-01T15:52:43 CEST" skipped="0">
  <testcase classname="com.example.AppTest" name="testApp" time="0.016"/>
  <system-out/>
</testsuite> <!-- com.example.AppTest -->
